Estimated number of games with mapper
    Mapper   4: 33019 ROMs
    Mapper   0: 30630 ROMs
    Mapper   1: 15998 ROMs
    Mapper   2:  6988 ROMs
    Mapper   3:  3977 ROMs
    Mapper  19:  3592 ROMs
    Mapper  30:  1819 ROMs
    Mapper 256:  1716 ROMs
    Mapper 176:  1349 ROMs
    Mapper   5:  1169 ROMs
    Mapper  45:  1139 ROMs
    Mapper  74:   873 ROMs
    Mapper 195:   841 ROMs
    Mapper   7:   796 ROMs
    Mapper  23:   687 ROMs
    Mapper 194:   581 ROMs
    Mapper   6:   514 ROMs
    Mapper  11:   428 ROMs
    Mapper 206:   428 ROMs
    Mapper  64:   379 ROMs
    Mapper  66:   375 ROMs
    Mapper 198:   356 ROMs
    Mapper  52:   301 ROMs
    Mapper 163:   294 ROMs
    Mapper 562:   287 ROMs
    Mapper  71:   281 ROMs
    Mapper  24:   277 ROMs
    Mapper  85:   271 ROMs
    Mapper  69:   268 ROMs
    Mapper  25:   261 ROMs
    Mapper  58:   258 ROMs
    Mapper  79:   255 ROMs
    Mapper  16:   228 ROMs
    Mapper 241:   211 ROMs
    Mapper 561:   203 ROMs
    Mapper  34:   200 ROMs
    Mapper  65:   197 ROMs
    Mapper  10:   188 ROMs
    Mapper 178:   186 ROMs
    Mapper  99:   186 ROMs
    Mapper  87:   183 ROMs
    Mapper  90:   182 ROMs
    Mapper  12:   166 ROMs
    Mapper  18:   160 ROMs
    Mapper 268:   157 ROMs
    Mapper  17:   153 ROMs
    Mapper  33:   140 ROMs
    Mapper 134:   139 ROMs
    Mapper  26:   137 ROMs
    Mapper 245:   135 ROMs
    Mapper  28:   133 ROMs
    Mapper 296:   130 ROMs
    Mapper 342:   122 ROMs
    Mapper   9:   120 ROMs
    Mapper 118:   119 ROMs
    Mapper  80:   114 ROMs
    Mapper 185:   100 ROMs
    Mapper  15:    99 ROMs
    Mapper 111:    96 ROMs
    Mapper  86:    94 ROMs
    Mapper  57:    91 ROMs
    Mapper  75:    90 ROMs
    Mapper 319:    89 ROMs
    Mapper 228:    87 ROMs
    Mapper 210:    80 ROMs
    Mapper  68:    80 ROMs
    Mapper 405:    78 ROMs
    Mapper 227:    77 ROMs
    Mapper 165:    77 ROMs
    Mapper 184:    76 ROMs
    Mapper  91:    76 ROMs
    Mapper  32:    76 ROMs
    Mapper  48:    73 ROMs
    Mapper  67:    71 ROMs
    Mapper 150:    68 ROMs
    Mapper  21:    68 ROMs
    Mapper 141:    67 ROMs
    Mapper 199:    67 ROMs
    Mapper 140:    63 ROMs
    Mapper 232:    61 ROMs
    Mapper 148:    60 ROMs
    Mapper 113:    58 ROMs
    Mapper  22:    57 ROMs
    Mapper 189:    56 ROMs
    Mapper  59:    55 ROMs
    Mapper 224:    54 ROMs
    Mapper  73:    53 ROMs
    Mapper 119:    52 ROMs
    Mapper 215:    50 ROMs
    Mapper  78:    49 ROMs
    Mapper 164:    49 ROMs
    Mapper 313:    48 ROMs
    Mapper 112:    48 ROMs
    Mapper 192:    46 ROMs
    Mapper 212:    45 ROMs
    Mapper  88:    45 ROMs
    Mapper 191:    45 ROMs
    Mapper 152:    44 ROMs
    Mapper 156:    44 ROMs
    Mapper 159:    43 ROMs
    Mapper 115:    41 ROMs
    Mapper 332:    40 ROMs
    Mapper  92:    39 ROMs
    Mapper  70:    38 ROMs
    Mapper 157:    36 ROMs
    Mapper  83:    34 ROMs
    Mapper 132:    34 ROMs
    Mapper 177:    34 ROMs
    Mapper 168:    33 ROMs
    Mapper 534:    33 ROMs
    Mapper 211:    33 ROMs
    Mapper 116:    32 ROMs
    Mapper 253:    32 ROMs
    Mapper 260:    32 ROMs
    Mapper 121:    31 ROMs
    Mapper 380:    31 ROMs
    Mapper 242:    31 ROMs
    Mapper 243:    30 ROMs
    Mapper 173:    29 ROMs
    Mapper 196:    29 ROMs
    Mapper 246:    29 ROMs
    Mapper 225:    28 ROMs
    Mapper  76:    28 ROMs
    Mapper 162:    27 ROMs
    Mapper 351:    26 ROMs
    Mapper 254:    26 ROMs
    Mapper 419:    25 ROMs
    Mapper  60:    25 ROMs
    Mapper  82:    25 ROMs
    Mapper 219:    24 ROMs
    Mapper 146:    24 ROMs
    Mapper 282:    24 ROMs
    Mapper 295:    24 ROMs
    Mapper  95:    24 ROMs
    Mapper 240:    24 ROMs
    Mapper  36:    23 ROMs
    Mapper 374:    22 ROMs
    Mapper 412:    22 ROMs
    Mapper 422:    22 ROMs
    Mapper 428:    21 ROMs
    Mapper 218:    21 ROMs
    Mapper 286:    20 ROMs
    Mapper 281:    20 ROMs
    Mapper 205:    19 ROMs
    Mapper 216:    19 ROMs
    Mapper 209:    19 ROMs
    Mapper 236:    19 ROMs
    Mapper 235:    19 ROMs
    Mapper 249:    18 ROMs
    Mapper  42:    18 ROMs
    Mapper 226:    17 ROMs
    Mapper 221:    17 ROMs
    Mapper 151:    17 ROMs
    Mapper 187:    17 ROMs
    Mapper  72:    16 ROMs
    Mapper  40:    16 ROMs
    Mapper 200:    16 ROMs
    Mapper 201:    15 ROMs
    Mapper 139:    15 ROMs
    Mapper 105:    15 ROMs
    Mapper 558:    15 ROMs
    Mapper 133:    14 ROMs
    Mapper 423:    14 ROMs
    Mapper  63:    14 ROMs
    Mapper 252:    14 ROMs
    Mapper 203:    13 ROMs
    Mapper 411:    13 ROMs
    Mapper 142:    13 ROMs
    Mapper 136:    13 ROMs
    Mapper 217:    13 ROMs
    Mapper  31:    13 ROMs
    Mapper 147:    13 ROMs
    Mapper 107:    12 ROMs
    Mapper 193:    12 ROMs
    Mapper  93:    12 ROMs
    Mapper  13:    12 ROMs
    Mapper 114:    12 ROMs
    Mapper 172:    12 ROMs
    Mapper 234:    12 ROMs
    Mapper 108:    11 ROMs
    Mapper  27:    11 ROMs
    Mapper 270:    11 ROMs
    Mapper 222:    10 ROMs
    Mapper  61:    10 ROMs
    Mapper 188:    10 ROMs
    Mapper  44:    10 ROMs
    Mapper 361:    10 ROMs
    Mapper 255:    10 ROMs
    Mapper 220:    10 ROMs
    Mapper  14:    10 ROMs
    Mapper 427:    10 ROMs
    Mapper 265:    10 ROMs
    Mapper 515:    10 ROMs
    Mapper 180:    10 ROMs
    Mapper 167:     9 ROMs
    Mapper 158:     9 ROMs
    Mapper 154:     9 ROMs
    Mapper  96:     9 ROMs
    Mapper 170:     9 ROMs
    Mapper  37:     9 ROMs
    Mapper 182:     9 ROMs
    Mapper 244:     9 ROMs
    Mapper  47:     9 ROMs
    Mapper  89:     8 ROMs
    Mapper 547:     8 ROMs
    Mapper 204:     8 ROMs
    Mapper 197:     8 ROMs
    Mapper 143:     8 ROMs
    Mapper 207:     8 ROMs
    Mapper 213:     8 ROMs
    Mapper 202:     8 ROMs
    Mapper 250:     8 ROMs
    Mapper 266:     8 ROMs
    Mapper 396:     8 ROMs
    Mapper 155:     7 ROMs
    Mapper 434:     7 ROMs
    Mapper 439:     7 ROMs
    Mapper 395:     7 ROMs
    Mapper 519:     7 ROMs
    Mapper  35:     7 ROMs
    Mapper 432:     7 ROMs
    Mapper 153:     7 ROMs
    Mapper  55:     7 ROMs
    Mapper 106:     7 ROMs
    Mapper 449:     7 ROMs
    Mapper 169:     7 ROMs
    Mapper  46:     7 ROMs
    Mapper  62:     6 ROMs
    Mapper  51:     6 ROMs
    Mapper 441:     6 ROMs
    Mapper 248:     6 ROMs
    Mapper  41:     6 ROMs
    Mapper  94:     6 ROMs
    Mapper 269:     6 ROMs
    Mapper 101:     6 ROMs
    Mapper 117:     6 ROMs
    Mapper  49:     6 ROMs
    Mapper 446:     6 ROMs
    Mapper   8:     6 ROMs
    Mapper 149:     6 ROMs
    Mapper 518:     6 ROMs
    Mapper 516:     6 ROMs
    Mapper 406:     6 ROMs
    Mapper 137:     5 ROMs
    Mapper 359:     5 ROMs
    Mapper 208:     5 ROMs
    Mapper 403:     5 ROMs
    Mapper 387:     5 ROMs
    Mapper 144:     5 ROMs
    Mapper  98:     5 ROMs
    Mapper 314:     5 ROMs
    Mapper 123:     5 ROMs
    Mapper 138:     5 ROMs
    Mapper  97:     5 ROMs
    Mapper 358:     5 ROMs
    Mapper 552:     4 ROMs
    Mapper 190:     4 ROMs
    Mapper 556:     4 ROMs
    Mapper 463:     4 ROMs
    Mapper 348:     4 ROMs
    Mapper  38:     4 ROMs
    Mapper 230:     4 ROMs
    Mapper 435:     4 ROMs
    Mapper  77:     4 ROMs
    Mapper  43:     4 ROMs
    Mapper 294:     4 ROMs
    Mapper 285:     4 ROMs
    Mapper  29:     4 ROMs
    Mapper 126:     4 ROMs
    Mapper 551:     4 ROMs
    Mapper 355:     4 ROMs
    Mapper 283:     4 ROMs
    Mapper 183:     4 ROMs
    Mapper 274:     3 ROMs
    Mapper 145:     3 ROMs
    Mapper 3870:     3 ROMs
    Mapper 171:     3 ROMs
    Mapper 336:     3 ROMs
    Mapper  56:     3 ROMs
    Mapper 388:     3 ROMs
    Mapper 287:     3 ROMs
    Mapper 233:     3 ROMs
    Mapper 347:     3 ROMs
    Mapper 304:     3 ROMs
    Mapper 425:     3 ROMs
    Mapper 344:     3 ROMs
    Mapper  50:     3 ROMs
    Mapper 289:     3 ROMs
    Mapper 356:     3 ROMs
    Mapper 303:     3 ROMs
    Mapper 800:     3 ROMs
    Mapper  53:     3 ROMs
    Mapper 237:     3 ROMs
    Mapper 394:     3 ROMs
    Mapper 445:     3 ROMs
    Mapper 229:     3 ROMs
    Mapper 555:     3 ROMs
    Mapper 466:     3 ROMs
    Mapper 284:     3 ROMs
    Mapper 186:     3 ROMs
    Mapper 377:     3 ROMs
    Mapper 362:     3 ROMs
    Mapper 258:     3 ROMs
    Mapper 288:     3 ROMs
    Mapper 290:     3 ROMs
    Mapper 383:     2 ROMs
    Mapper 341:     2 ROMs
    Mapper 326:     2 ROMs
    Mapper 103:     2 ROMs
    Mapper 267:     2 ROMs
    Mapper 400:     2 ROMs
    Mapper 442:     2 ROMs
    Mapper 297:     2 ROMs
    Mapper 533:     2 ROMs
    Mapper 404:     2 ROMs
    Mapper 128:     2 ROMs
    Mapper 160:     2 ROMs
    Mapper 538:     2 ROMs
    Mapper 353:     2 ROMs
    Mapper 371:     2 ROMs
    Mapper 334:     2 ROMs
    Mapper 471:     2 ROMs
    Mapper 280:     2 ROMs
    Mapper 174:     2 ROMs
    Mapper 364:     2 ROMs
    Mapper 214:     2 ROMs
    Mapper 368:     2 ROMs
    Mapper 426:     2 ROMs
    Mapper 263:     2 ROMs
    Mapper 357:     2 ROMs
    Mapper 436:     2 ROMs
    Mapper 438:     2 ROMs
    Mapper 262:     2 ROMs
    Mapper 451:     2 ROMs
    Mapper 329:     2 ROMs
    Mapper 384:     2 ROMs
    Mapper  81:     2 ROMs
    Mapper 512:     2 ROMs
    Mapper 238:     2 ROMs
    Mapper 382:     2 ROMs
    Mapper 389:     2 ROMs
    Mapper 413:     2 ROMs
    Mapper 399:     2 ROMs
    Mapper 261:     2 ROMs
    Mapper 120:     2 ROMs
    Mapper 366:     2 ROMs
    Mapper 175:     2 ROMs
    Mapper 264:     2 ROMs
    Mapper 277:     2 ROMs
    Mapper 470:     2 ROMs
    Mapper 299:     2 ROMs
    Mapper 130:     2 ROMs
    Mapper 417:     2 ROMs
    Mapper 529:     2 ROMs
    Mapper 420:     2 ROMs
    Mapper 124:     2 ROMs
    Mapper 452:     2 ROMs
    Mapper 424:     2 ROMs
    Mapper 365:     2 ROMs
    Mapper 521:     2 ROMs
    Mapper 251:     2 ROMs
    Mapper 349:     1 ROMs
    Mapper 502:     1 ROMs
    Mapper 312:     1 ROMs
    Mapper 543:     1 ROMs
    Mapper 548:     1 ROMs
    Mapper 307:     1 ROMs
    Mapper 464:     1 ROMs
    Mapper 416:     1 ROMs
    Mapper 514:     1 ROMs
    Mapper 560:     1 ROMs
    Mapper 100:     1 ROMs
    Mapper 298:     1 ROMs
    Mapper 259:     1 ROMs
    Mapper 391:     1 ROMs
    Mapper 4064:     1 ROMs
    Mapper 493:     1 ROMs
    Mapper 385:     1 ROMs
    Mapper 397:     1 ROMs
    Mapper 487:     1 ROMs
    Mapper 460:     1 ROMs
    Mapper 523:     1 ROMs
    Mapper 292:     1 ROMs
    Mapper 331:     1 ROMs
    Mapper 522:     1 ROMs
    Mapper 402:     1 ROMs
    Mapper 454:     1 ROMs
    Mapper 305:     1 ROMs
    Mapper 271:     1 ROMs
    Mapper 467:     1 ROMs
    Mapper 447:     1 ROMs
    Mapper 291:     1 ROMs
    Mapper 373:     1 ROMs
    Mapper 544:     1 ROMs
    Mapper 549:     1 ROMs
    Mapper 550:     1 ROMs
    Mapper 372:     1 ROMs
    Mapper 682:     1 ROMs
    Mapper 340:     1 ROMs
    Mapper 500:     1 ROMs
    Mapper 408:     1 ROMs
    Mapper 530:     1 ROMs
    Mapper 3265:     1 ROMs
    Mapper 370:     1 ROMs
    Mapper 386:     1 ROMs
    Mapper 302:     1 ROMs
    Mapper 431:     1 ROMs
    Mapper 430:     1 ROMs
    Mapper 410:     1 ROMs
    Mapper 535:     1 ROMs
    Mapper 473:     1 ROMs
    Mapper 308:     1 ROMs
    Mapper  20:     1 ROMs
    Mapper 458:     1 ROMs
    Mapper 311:     1 ROMs
    Mapper 478:     1 ROMs
    Mapper 444:     1 ROMs
    Mapper 421:     1 ROMs
    Mapper 127:     1 ROMs
    Mapper 339:     1 ROMs
    Mapper 1506:     1 ROMs
    Mapper 801:     1 ROMs
    Mapper 104:     1 ROMs
    Mapper 390:     1 ROMs
    Mapper 501:     1 ROMs
    Mapper 328:     1 ROMs
    Mapper 415:     1 ROMs
    Mapper 179:     1 ROMs
    Mapper 330:     1 ROMs
    Mapper 448:     1 ROMs
    Mapper 517:     1 ROMs
    Mapper 346:     1 ROMs
    Mapper 360:     1 ROMs
    Mapper 381:     1 ROMs
    Mapper 333:     1 ROMs
    Mapper 450:     1 ROMs
    Mapper 526:     1 ROMs
    Mapper 407:     1 ROMs
    Mapper 2786:     1 ROMs
    Mapper 315:     1 ROMs
    Mapper 401:     1 ROMs
    Mapper 161:     1 ROMs
    Mapper 440:     1 ROMs
    Mapper 338:     1 ROMs
    Mapper 513:     1 ROMs
    Mapper 335:     1 ROMs
    Mapper 398:     1 ROMs
    Mapper 322:     1 ROMs
    Mapper 541:     1 ROMs
    Mapper 540:     1 ROMs
    Mapper 327:     1 ROMs
    Mapper 456:     1 ROMs
    Mapper 414:     1 ROMs
    Mapper 554:     1 ROMs
    Mapper 409:     1 ROMs
    Mapper 301:     1 ROMs
    Mapper 166:     1 ROMs
    Mapper 465:     1 ROMs
    Mapper 257:     1 ROMs
    Mapper 375:     1 ROMs
    Mapper 324:     1 ROMs
    Mapper 320:     1 ROMs
    Mapper 437:     1 ROMs
    Mapper 481:     1 ROMs
    Mapper 272:     1 ROMs
    Mapper 455:     1 ROMs
    Mapper 354:     1 ROMs
    Mapper 369:     1 ROMs
    Mapper 433:     1 ROMs
    Mapper 461:     1 ROMs
    Mapper 459:     1 ROMs
    Mapper 539:     1 ROMs
    Mapper 553:     1 ROMs
    Mapper 231:     1 ROMs
    Mapper 472:     1 ROMs
    Mapper 457:     1 ROMs
    Mapper 125:     1 ROMs
    Mapper 531:     1 ROMs
    Mapper 393:     1 ROMs
    Mapper 129:     1 ROMs
    Mapper 525:     1 ROMs
    Mapper 309:     1 ROMs
    Mapper 557:     1 ROMs
    Mapper 306:     1 ROMs
    Mapper 564:     1 ROMs
    Mapper 3927:     1 ROMs
    Mapper 453:     1 ROMs
    Mapper 429:     1 ROMs
    Mapper 418:     1 ROMs
    Mapper 363:     1 ROMs
    Mapper 376:     1 ROMs
    Mapper 559:     1 ROMs